<?xml version="1.0" encoding="UTF-8"?>
<!-- Generated by org.testng.reporters.JUnitReportReporter -->
<testsuite hostname="DESKTOP-CI2T2L0" failures="0" tests="1" name="com.inetbanking.testCases.TC_LoginTest" time="1.341" errors="0" timestamp="2020-07-02T23:59:08 EDT" skipped="0">
  <testcase classname="com.inetbanking.testCases.TC_LoginTest" name="loginTest" time="1.341"/>
  <system-out/>
</testsuite> <!-- com.inetbanking.testCases.TC_LoginTest -->
