<?xml version="1.0" encoding="UTF-8"?>
<!-- Generated by org.testng.reporters.JUnitReportReporter -->
<testsuite hostname="DESKTOP-CI2T2L0" failures="0" tests="1" name="com.inetbanking.testCases.TC_LoginDDT_003" time="28.286" errors="0" timestamp="2020-07-03T11:49:44 EDT" skipped="0">
  <testcase classname="com.inetbanking.testCases.TC_LoginDDT_003" name="addNewCustomer" time="28.286"/>
  <system-out/>
</testsuite> <!-- com.inetbanking.testCases.TC_LoginDDT_003 -->
